18-May-2019 15:24:47.428 정보 [main] org.apache.catalina.startup.VersionLoggerListener.log 서버 버전 이름:        Apache Tomcat/9.0.20
18-May-2019 15:24:47.469 정보 [main] org.apache.catalina.startup.VersionLoggerListener.log Server 빌드 시각:          May 3 2019 22:26:00 UTC
18-May-2019 15:24:47.469 정보 [main] org.apache.catalina.startup.VersionLoggerListener.log Server 버전 번호:         9.0.20.0
18-May-2019 15:24:47.469 정보 [main] org.apache.catalina.startup.VersionLoggerListener.log 운영체제 이름:               Windows 10
18-May-2019 15:24:47.469 정보 [main] org.apache.catalina.startup.VersionLoggerListener.log 운영체제 버전:            10.0
18-May-2019 15:24:47.469 정보 [main] org.apache.catalina.startup.VersionLoggerListener.log 아키텍처:          amd64
18-May-2019 15:24:47.470 정보 [main] org.apache.catalina.startup.VersionLoggerListener.log 자바 홈:             C:\Program Files\Java\jdk1.8.0_181\jre
18-May-2019 15:24:47.470 정보 [main] org.apache.catalina.startup.VersionLoggerListener.log JVM 버전:           1.8.0_181-b13
18-May-2019 15:24:47.470 정보 [main] org.apache.catalina.startup.VersionLoggerListener.log JVM 벤더:            Oracle Corporation
18-May-2019 15:24:47.470 정보 [main] org.apache.catalina.startup.VersionLoggerListener.log CATALINA_BASE:         D:\apache-tomcat-9.0.20-windows-x64\apache-tomcat-9.0.20
18-May-2019 15:24:47.470 정보 [main] org.apache.catalina.startup.VersionLoggerListener.log CATALINA_HOME:         D:\apache-tomcat-9.0.20-windows-x64\apache-tomcat-9.0.20
18-May-2019 15:24:47.473 정보 [main] org.apache.catalina.startup.VersionLoggerListener.log 명령 행 아규먼트: -Djava.util.logging.config.file=D:\apache-tomcat-9.0.20-windows-x64\apache-tomcat-9.0.20\conf\logging.properties
18-May-2019 15:24:47.474 정보 [main] org.apache.catalina.startup.VersionLoggerListener.log 명령 행 아규먼트: -Djava.util.logging.manager=org.apache.juli.ClassLoaderLogManager
18-May-2019 15:24:47.474 정보 [main] org.apache.catalina.startup.VersionLoggerListener.log 명령 행 아규먼트: -Djdk.tls.ephemeralDHKeySize=2048
18-May-2019 15:24:47.475 정보 [main] org.apache.catalina.startup.VersionLoggerListener.log 명령 행 아규먼트: -Djava.protocol.handler.pkgs=org.apache.catalina.webresources
18-May-2019 15:24:47.482 정보 [main] org.apache.catalina.startup.VersionLoggerListener.log 명령 행 아규먼트: -Dignore.endorsed.dirs=
18-May-2019 15:24:47.483 정보 [main] org.apache.catalina.startup.VersionLoggerListener.log 명령 행 아규먼트: -Dcatalina.base=D:\apache-tomcat-9.0.20-windows-x64\apache-tomcat-9.0.20
18-May-2019 15:24:47.484 정보 [main] org.apache.catalina.startup.VersionLoggerListener.log 명령 행 아규먼트: -Dcatalina.home=D:\apache-tomcat-9.0.20-windows-x64\apache-tomcat-9.0.20
18-May-2019 15:24:47.485 정보 [main] org.apache.catalina.startup.VersionLoggerListener.log 명령 행 아규먼트: -Djava.io.tmpdir=D:\apache-tomcat-9.0.20-windows-x64\apache-tomcat-9.0.20\temp
18-May-2019 15:24:47.486 정보 [main] org.apache.catalina.core.AprLifecycleListener.lifecycleEvent APR 버전 [1.6.5]을(를) 사용한, APR 기반 Apache Tomcat Native 라이브러리 [1.2.21]을(를) 로드했습니다.
18-May-2019 15:24:47.488 정보 [main] org.apache.catalina.core.AprLifecycleListener.lifecycleEvent APR 용량정보들: IPv6 [true], sendfile [true], accept filters [false], random [true].
18-May-2019 15:24:47.489 정보 [main] org.apache.catalina.core.AprLifecycleListener.lifecycleEvent APR/OpenSSL 설정: useAprConnector [false], useOpenSSL [true]
18-May-2019 15:24:47.494 정보 [main] org.apache.catalina.core.AprLifecycleListener.initializeSSL OpenSSL이 성공적으로 초기화되었습니다: [OpenSSL 1.1.1a  20 Nov 2018]
18-May-2019 15:24:47.984 정보 [main] org.apache.coyote.AbstractProtocol.init 프로토콜 핸들러 ["http-nio-8080"]을(를) 초기화합니다.
18-May-2019 15:24:48.195 정보 [main] org.apache.coyote.AbstractProtocol.init 프로토콜 핸들러 ["ajp-nio-8009"]을(를) 초기화합니다.
18-May-2019 15:24:48.213 정보 [main] org.apache.catalina.startup.Catalina.load [969] 밀리초 내에 서버가 초기화되었습니다.
18-May-2019 15:24:48.275 정보 [main] org.apache.catalina.core.StandardService.startInternal 서비스 [Catalina]을(를) 시작합니다.
18-May-2019 15:24:48.279 정보 [main] org.apache.catalina.core.StandardEngine.startInternal 서버 엔진을 시작합니다: [Apache Tomcat/9.0.20]
18-May-2019 15:24:48.289 정보 [main] org.apache.catalina.startup.HostConfig.deployDirectory 웹 애플리케이션 디렉토리 [D:\apache-tomcat-9.0.20-windows-x64\apache-tomcat-9.0.20\webapps\docs]을(를) 배치합니다.
18-May-2019 15:24:48.551 정보 [main] org.apache.catalina.startup.HostConfig.deployDirectory 웹 애플리케이션 디렉토리 [D:\apache-tomcat-9.0.20-windows-x64\apache-tomcat-9.0.20\webapps\docs]에 대한 배치가 [262] 밀리초에 완료되었습니다.
18-May-2019 15:24:48.555 정보 [main] org.apache.catalina.startup.HostConfig.deployDirectory 웹 애플리케이션 디렉토리 [D:\apache-tomcat-9.0.20-windows-x64\apache-tomcat-9.0.20\webapps\examples]을(를) 배치합니다.
18-May-2019 15:24:48.840 정보 [main] org.apache.catalina.startup.HostConfig.deployDirectory 웹 애플리케이션 디렉토리 [D:\apache-tomcat-9.0.20-windows-x64\apache-tomcat-9.0.20\webapps\examples]에 대한 배치가 [285] 밀리초에 완료되었습니다.
18-May-2019 15:24:48.842 정보 [main] org.apache.catalina.startup.HostConfig.deployDirectory 웹 애플리케이션 디렉토리 [D:\apache-tomcat-9.0.20-windows-x64\apache-tomcat-9.0.20\webapps\host-manager]을(를) 배치합니다.
18-May-2019 15:24:48.873 정보 [main] org.apache.catalina.startup.HostConfig.deployDirectory 웹 애플리케이션 디렉토리 [D:\apache-tomcat-9.0.20-windows-x64\apache-tomcat-9.0.20\webapps\host-manager]에 대한 배치가 [31] 밀리초에 완료되었습니다.
18-May-2019 15:24:48.875 정보 [main] org.apache.catalina.startup.HostConfig.deployDirectory 웹 애플리케이션 디렉토리 [D:\apache-tomcat-9.0.20-windows-x64\apache-tomcat-9.0.20\webapps\manager]을(를) 배치합니다.
18-May-2019 15:24:48.903 정보 [main] org.apache.catalina.startup.HostConfig.deployDirectory 웹 애플리케이션 디렉토리 [D:\apache-tomcat-9.0.20-windows-x64\apache-tomcat-9.0.20\webapps\manager]에 대한 배치가 [28] 밀리초에 완료되었습니다.
18-May-2019 15:24:48.908 정보 [main] org.apache.catalina.startup.HostConfig.deployDirectory 웹 애플리케이션 디렉토리 [D:\apache-tomcat-9.0.20-windows-x64\apache-tomcat-9.0.20\webapps\ROOT]을(를) 배치합니다.
18-May-2019 15:24:48.935 정보 [main] org.apache.catalina.startup.HostConfig.deployDirectory 웹 애플리케이션 디렉토리 [D:\apache-tomcat-9.0.20-windows-x64\apache-tomcat-9.0.20\webapps\ROOT]에 대한 배치가 [27] 밀리초에 완료되었습니다.
18-May-2019 15:24:48.943 정보 [main] org.apache.coyote.AbstractProtocol.start 프로토콜 핸들러 ["http-nio-8080"]을(를) 시작합니다.
18-May-2019 15:24:48.952 정보 [main] org.apache.coyote.AbstractProtocol.start 프로토콜 핸들러 ["ajp-nio-8009"]을(를) 시작합니다.
18-May-2019 15:24:48.955 정보 [main] org.apache.catalina.startup.Catalina.start 서버가 [723] 밀리초 내에 시작되었습니다.
18-May-2019 15:26:01.331 정보 [Thread-5] org.apache.coyote.AbstractProtocol.pause 프로토콜 핸들러 ["http-nio-8080"]을(를) 일시 정지 중
18-May-2019 15:26:01.524 정보 [Thread-5] org.apache.coyote.AbstractProtocol.pause 프로토콜 핸들러 ["ajp-nio-8009"]을(를) 일시 정지 중
18-May-2019 15:26:01.635 정보 [Thread-5] org.apache.catalina.core.StandardService.stopInternal 서비스 [Catalina]을(를) 중지시킵니다.
18-May-2019 15:26:01.670 정보 [Thread-5] org.apache.coyote.AbstractProtocol.stop 프로토콜 핸들러 ["http-nio-8080"]을(를) 중지시킵니다.
18-May-2019 15:26:01.673 정보 [Thread-5] org.apache.coyote.AbstractProtocol.stop 프로토콜 핸들러 ["ajp-nio-8009"]을(를) 중지시킵니다.
18-May-2019 15:26:01.676 정보 [Thread-5] org.apache.coyote.AbstractProtocol.destroy 프로토콜 핸들러 ["http-nio-8080"]을(를) 소멸시킵니다.
18-May-2019 15:26:01.677 정보 [Thread-5] org.apache.coyote.AbstractProtocol.destroy 프로토콜 핸들러 ["ajp-nio-8009"]을(를) 소멸시킵니다.
18-May-2019 15:43:18.337 정보 [main] org.apache.catalina.startup.VersionLoggerListener.log 서버 버전 이름:        Apache Tomcat/9.0.20
18-May-2019 15:43:18.341 정보 [main] org.apache.catalina.startup.VersionLoggerListener.log Server 빌드 시각:          May 3 2019 22:26:00 UTC
18-May-2019 15:43:18.341 정보 [main] org.apache.catalina.startup.VersionLoggerListener.log Server 버전 번호:         9.0.20.0
18-May-2019 15:43:18.341 정보 [main] org.apache.catalina.startup.VersionLoggerListener.log 운영체제 이름:               Windows 10
18-May-2019 15:43:18.342 정보 [main] org.apache.catalina.startup.VersionLoggerListener.log 운영체제 버전:            10.0
18-May-2019 15:43:18.342 정보 [main] org.apache.catalina.startup.VersionLoggerListener.log 아키텍처:          amd64
18-May-2019 15:43:18.343 정보 [main] org.apache.catalina.startup.VersionLoggerListener.log 자바 홈:             C:\Program Files\Java\jdk1.8.0_181\jre
18-May-2019 15:43:18.343 정보 [main] org.apache.catalina.startup.VersionLoggerListener.log JVM 버전:           1.8.0_181-b13
18-May-2019 15:43:18.343 정보 [main] org.apache.catalina.startup.VersionLoggerListener.log JVM 벤더:            Oracle Corporation
18-May-2019 15:43:18.344 정보 [main] org.apache.catalina.startup.VersionLoggerListener.log CATALINA_BASE:         D:\apache-tomcat-9.0.20-windows-x64\apache-tomcat-9.0.20
18-May-2019 15:43:18.345 정보 [main] org.apache.catalina.startup.VersionLoggerListener.log CATALINA_HOME:         D:\apache-tomcat-9.0.20-windows-x64\apache-tomcat-9.0.20
18-May-2019 15:43:18.346 정보 [main] org.apache.catalina.startup.VersionLoggerListener.log 명령 행 아규먼트: -Djava.util.logging.config.file=D:\apache-tomcat-9.0.20-windows-x64\apache-tomcat-9.0.20\conf\logging.properties
18-May-2019 15:43:18.348 정보 [main] org.apache.catalina.startup.VersionLoggerListener.log 명령 행 아규먼트: -Djava.util.logging.manager=org.apache.juli.ClassLoaderLogManager
18-May-2019 15:43:18.348 정보 [main] org.apache.catalina.startup.VersionLoggerListener.log 명령 행 아규먼트: -Djdk.tls.ephemeralDHKeySize=2048
18-May-2019 15:43:18.354 정보 [main] org.apache.catalina.startup.VersionLoggerListener.log 명령 행 아규먼트: -Djava.protocol.handler.pkgs=org.apache.catalina.webresources
18-May-2019 15:43:18.355 정보 [main] org.apache.catalina.startup.VersionLoggerListener.log 명령 행 아규먼트: -Dignore.endorsed.dirs=
18-May-2019 15:43:18.356 정보 [main] org.apache.catalina.startup.VersionLoggerListener.log 명령 행 아규먼트: -Dcatalina.base=D:\apache-tomcat-9.0.20-windows-x64\apache-tomcat-9.0.20
18-May-2019 15:43:18.357 정보 [main] org.apache.catalina.startup.VersionLoggerListener.log 명령 행 아규먼트: -Dcatalina.home=D:\apache-tomcat-9.0.20-windows-x64\apache-tomcat-9.0.20
18-May-2019 15:43:18.358 정보 [main] org.apache.catalina.startup.VersionLoggerListener.log 명령 행 아규먼트: -Djava.io.tmpdir=D:\apache-tomcat-9.0.20-windows-x64\apache-tomcat-9.0.20\temp
18-May-2019 15:43:18.359 정보 [main] org.apache.catalina.core.AprLifecycleListener.lifecycleEvent APR 버전 [1.6.5]을(를) 사용한, APR 기반 Apache Tomcat Native 라이브러리 [1.2.21]을(를) 로드했습니다.
18-May-2019 15:43:18.363 정보 [main] org.apache.catalina.core.AprLifecycleListener.lifecycleEvent APR 용량정보들: IPv6 [true], sendfile [true], accept filters [false], random [true].
18-May-2019 15:43:18.364 정보 [main] org.apache.catalina.core.AprLifecycleListener.lifecycleEvent APR/OpenSSL 설정: useAprConnector [false], useOpenSSL [true]
18-May-2019 15:43:18.371 정보 [main] org.apache.catalina.core.AprLifecycleListener.initializeSSL OpenSSL이 성공적으로 초기화되었습니다: [OpenSSL 1.1.1a  20 Nov 2018]
18-May-2019 15:43:18.640 정보 [main] org.apache.coyote.AbstractProtocol.init 프로토콜 핸들러 ["http-nio-8080"]을(를) 초기화합니다.
18-May-2019 15:43:18.791 정보 [main] org.apache.coyote.AbstractProtocol.init 프로토콜 핸들러 ["ajp-nio-8009"]을(를) 초기화합니다.
18-May-2019 15:43:18.799 정보 [main] org.apache.catalina.startup.Catalina.load [640] 밀리초 내에 서버가 초기화되었습니다.
18-May-2019 15:43:18.840 정보 [main] org.apache.catalina.core.StandardService.startInternal 서비스 [Catalina]을(를) 시작합니다.
18-May-2019 15:43:18.843 정보 [main] org.apache.catalina.core.StandardEngine.startInternal 서버 엔진을 시작합니다: [Apache Tomcat/9.0.20]
18-May-2019 15:43:18.854 정보 [main] org.apache.catalina.startup.HostConfig.deployDirectory 웹 애플리케이션 디렉토리 [D:\apache-tomcat-9.0.20-windows-x64\apache-tomcat-9.0.20\webapps\docs]을(를) 배치합니다.
18-May-2019 15:43:19.059 정보 [main] org.apache.catalina.startup.HostConfig.deployDirectory 웹 애플리케이션 디렉토리 [D:\apache-tomcat-9.0.20-windows-x64\apache-tomcat-9.0.20\webapps\docs]에 대한 배치가 [204] 밀리초에 완료되었습니다.
18-May-2019 15:43:19.062 정보 [main] org.apache.catalina.startup.HostConfig.deployDirectory 웹 애플리케이션 디렉토리 [D:\apache-tomcat-9.0.20-windows-x64\apache-tomcat-9.0.20\webapps\examples]을(를) 배치합니다.
18-May-2019 15:43:19.339 정보 [main] org.apache.catalina.startup.HostConfig.deployDirectory 웹 애플리케이션 디렉토리 [D:\apache-tomcat-9.0.20-windows-x64\apache-tomcat-9.0.20\webapps\examples]에 대한 배치가 [278] 밀리초에 완료되었습니다.
18-May-2019 15:43:19.342 정보 [main] org.apache.catalina.startup.HostConfig.deployDirectory 웹 애플리케이션 디렉토리 [D:\apache-tomcat-9.0.20-windows-x64\apache-tomcat-9.0.20\webapps\host-manager]을(를) 배치합니다.
18-May-2019 15:43:19.370 정보 [main] org.apache.catalina.startup.HostConfig.deployDirectory 웹 애플리케이션 디렉토리 [D:\apache-tomcat-9.0.20-windows-x64\apache-tomcat-9.0.20\webapps\host-manager]에 대한 배치가 [28] 밀리초에 완료되었습니다.
18-May-2019 15:43:19.372 정보 [main] org.apache.catalina.startup.HostConfig.deployDirectory 웹 애플리케이션 디렉토리 [D:\apache-tomcat-9.0.20-windows-x64\apache-tomcat-9.0.20\webapps\manager]을(를) 배치합니다.
18-May-2019 15:43:19.394 정보 [main] org.apache.catalina.startup.HostConfig.deployDirectory 웹 애플리케이션 디렉토리 [D:\apache-tomcat-9.0.20-windows-x64\apache-tomcat-9.0.20\webapps\manager]에 대한 배치가 [23] 밀리초에 완료되었습니다.
18-May-2019 15:43:19.400 정보 [main] org.apache.catalina.startup.HostConfig.deployDirectory 웹 애플리케이션 디렉토리 [D:\apache-tomcat-9.0.20-windows-x64\apache-tomcat-9.0.20\webapps\ROOT]을(를) 배치합니다.
18-May-2019 15:43:19.420 정보 [main] org.apache.catalina.startup.HostConfig.deployDirectory 웹 애플리케이션 디렉토리 [D:\apache-tomcat-9.0.20-windows-x64\apache-tomcat-9.0.20\webapps\ROOT]에 대한 배치가 [20] 밀리초에 완료되었습니다.
18-May-2019 15:43:19.427 정보 [main] org.apache.coyote.AbstractProtocol.start 프로토콜 핸들러 ["http-nio-8080"]을(를) 시작합니다.
18-May-2019 15:43:19.435 정보 [main] org.apache.coyote.AbstractProtocol.start 프로토콜 핸들러 ["ajp-nio-8009"]을(를) 시작합니다.
18-May-2019 15:43:19.438 정보 [main] org.apache.catalina.startup.Catalina.start 서버가 [628] 밀리초 내에 시작되었습니다.
18-May-2019 15:45:41.370 정보 [main] org.apache.catalina.startup.VersionLoggerListener.log 서버 버전 이름:        Apache Tomcat/9.0.20
18-May-2019 15:45:41.374 정보 [main] org.apache.catalina.startup.VersionLoggerListener.log Server 빌드 시각:          May 3 2019 22:26:00 UTC
18-May-2019 15:45:41.374 정보 [main] org.apache.catalina.startup.VersionLoggerListener.log Server 버전 번호:         9.0.20.0
18-May-2019 15:45:41.374 정보 [main] org.apache.catalina.startup.VersionLoggerListener.log 운영체제 이름:               Windows 10
18-May-2019 15:45:41.375 정보 [main] org.apache.catalina.startup.VersionLoggerListener.log 운영체제 버전:            10.0
18-May-2019 15:45:41.375 정보 [main] org.apache.catalina.startup.VersionLoggerListener.log 아키텍처:          amd64
18-May-2019 15:45:41.376 정보 [main] org.apache.catalina.startup.VersionLoggerListener.log 자바 홈:             C:\Program Files\Java\jdk1.8.0_181\jre
18-May-2019 15:45:41.376 정보 [main] org.apache.catalina.startup.VersionLoggerListener.log JVM 버전:           1.8.0_181-b13
18-May-2019 15:45:41.376 정보 [main] org.apache.catalina.startup.VersionLoggerListener.log JVM 벤더:            Oracle Corporation
18-May-2019 15:45:41.376 정보 [main] org.apache.catalina.startup.VersionLoggerListener.log CATALINA_BASE:         D:\apache-tomcat-9.0.20-windows-x64\apache-tomcat-9.0.20
18-May-2019 15:45:41.377 정보 [main] org.apache.catalina.startup.VersionLoggerListener.log CATALINA_HOME:         D:\apache-tomcat-9.0.20-windows-x64\apache-tomcat-9.0.20
18-May-2019 15:45:41.378 정보 [main] org.apache.catalina.startup.VersionLoggerListener.log 명령 행 아규먼트: -Djava.util.logging.config.file=D:\apache-tomcat-9.0.20-windows-x64\apache-tomcat-9.0.20\conf\logging.properties
18-May-2019 15:45:41.379 정보 [main] org.apache.catalina.startup.VersionLoggerListener.log 명령 행 아규먼트: -Djava.util.logging.manager=org.apache.juli.ClassLoaderLogManager
18-May-2019 15:45:41.380 정보 [main] org.apache.catalina.startup.VersionLoggerListener.log 명령 행 아규먼트: -Djdk.tls.ephemeralDHKeySize=2048
18-May-2019 15:45:41.381 정보 [main] org.apache.catalina.startup.VersionLoggerListener.log 명령 행 아규먼트: -Djava.protocol.handler.pkgs=org.apache.catalina.webresources
18-May-2019 15:45:41.382 정보 [main] org.apache.catalina.startup.VersionLoggerListener.log 명령 행 아규먼트: -Dignore.endorsed.dirs=
18-May-2019 15:45:41.385 정보 [main] org.apache.catalina.startup.VersionLoggerListener.log 명령 행 아규먼트: -Dcatalina.base=D:\apache-tomcat-9.0.20-windows-x64\apache-tomcat-9.0.20
18-May-2019 15:45:41.386 정보 [main] org.apache.catalina.startup.VersionLoggerListener.log 명령 행 아규먼트: -Dcatalina.home=D:\apache-tomcat-9.0.20-windows-x64\apache-tomcat-9.0.20
18-May-2019 15:45:41.387 정보 [main] org.apache.catalina.startup.VersionLoggerListener.log 명령 행 아규먼트: -Djava.io.tmpdir=D:\apache-tomcat-9.0.20-windows-x64\apache-tomcat-9.0.20\temp
18-May-2019 15:45:41.388 정보 [main] org.apache.catalina.core.AprLifecycleListener.lifecycleEvent APR 버전 [1.6.5]을(를) 사용한, APR 기반 Apache Tomcat Native 라이브러리 [1.2.21]을(를) 로드했습니다.
18-May-2019 15:45:41.391 정보 [main] org.apache.catalina.core.AprLifecycleListener.lifecycleEvent APR 용량정보들: IPv6 [true], sendfile [true], accept filters [false], random [true].
18-May-2019 15:45:41.392 정보 [main] org.apache.catalina.core.AprLifecycleListener.lifecycleEvent APR/OpenSSL 설정: useAprConnector [false], useOpenSSL [true]
18-May-2019 15:45:41.397 정보 [main] org.apache.catalina.core.AprLifecycleListener.initializeSSL OpenSSL이 성공적으로 초기화되었습니다: [OpenSSL 1.1.1a  20 Nov 2018]
18-May-2019 15:45:41.659 정보 [main] org.apache.coyote.AbstractProtocol.init 프로토콜 핸들러 ["http-nio-8080"]을(를) 초기화합니다.
18-May-2019 15:45:41.806 심각 [main] org.apache.catalina.util.LifecycleBase.handleSubClassException 구성요소 [Connector[HTTP/1.1-8080]]을(를) 초기화하지 못했습니다.
	org.apache.catalina.LifecycleException: 프로토콜 핸들러 초기화가 실패했습니다.
		at org.apache.catalina.connector.Connector.initInternal(Connector.java:983)
		at org.apache.catalina.util.LifecycleBase.init(LifecycleBase.java:136)
		at org.apache.catalina.core.StandardService.initInternal(StandardService.java:533)
		at org.apache.catalina.util.LifecycleBase.init(LifecycleBase.java:136)
		at org.apache.catalina.core.StandardServer.initInternal(StandardServer.java:1059)
		at org.apache.catalina.util.LifecycleBase.init(LifecycleBase.java:136)
		at org.apache.catalina.startup.Catalina.load(Catalina.java:584)
		at org.apache.catalina.startup.Catalina.load(Catalina.java:607)
		at sun.reflect.NativeMethodAccessorImpl.invoke0(Native Method)
		at sun.reflect.NativeMethodAccessorImpl.invoke(NativeMethodAccessorImpl.java:62)
		at sun.reflect.DelegatingMethodAccessorImpl.invoke(DelegatingMethodAccessorImpl.java:43)
		at java.lang.reflect.Method.invoke(Method.java:498)
		at org.apache.catalina.startup.Bootstrap.load(Bootstrap.java:304)
		at org.apache.catalina.startup.Bootstrap.main(Bootstrap.java:474)
	Caused by: java.net.BindException: Address already in use: bind
		at sun.nio.ch.Net.bind0(Native Method)
		at sun.nio.ch.Net.bind(Net.java:433)
		at sun.nio.ch.Net.bind(Net.java:425)
		at sun.nio.ch.ServerSocketChannelImpl.bind(ServerSocketChannelImpl.java:223)
		at sun.nio.ch.ServerSocketAdaptor.bind(ServerSocketAdaptor.java:74)
		at org.apache.tomcat.util.net.NioEndpoint.initServerSocket(NioEndpoint.java:248)
		at org.apache.tomcat.util.net.NioEndpoint.bind(NioEndpoint.java:222)
		at org.apache.tomcat.util.net.AbstractEndpoint.bindWithCleanup(AbstractEndpoint.java:1119)
		at org.apache.tomcat.util.net.AbstractEndpoint.init(AbstractEndpoint.java:1132)
		at org.apache.coyote.AbstractProtocol.init(AbstractProtocol.java:557)
		at org.apache.coyote.http11.AbstractHttp11Protocol.init(AbstractHttp11Protocol.java:74)
		at org.apache.catalina.connector.Connector.initInternal(Connector.java:980)
		... 13 more
18-May-2019 15:45:41.814 정보 [main] org.apache.coyote.AbstractProtocol.init 프로토콜 핸들러 ["ajp-nio-8009"]을(를) 초기화합니다.
18-May-2019 15:45:41.818 심각 [main] org.apache.catalina.util.LifecycleBase.handleSubClassException 구성요소 [Connector[AJP/1.3-8009]]을(를) 초기화하지 못했습니다.
	org.apache.catalina.LifecycleException: 프로토콜 핸들러 초기화가 실패했습니다.
		at org.apache.catalina.connector.Connector.initInternal(Connector.java:983)
		at org.apache.catalina.util.LifecycleBase.init(LifecycleBase.java:136)
		at org.apache.catalina.core.StandardService.initInternal(StandardService.java:533)
		at org.apache.catalina.util.LifecycleBase.init(LifecycleBase.java:136)
		at org.apache.catalina.core.StandardServer.initInternal(StandardServer.java:1059)
		at org.apache.catalina.util.LifecycleBase.init(LifecycleBase.java:136)
		at org.apache.catalina.startup.Catalina.load(Catalina.java:584)
		at org.apache.catalina.startup.Catalina.load(Catalina.java:607)
		at sun.reflect.NativeMethodAccessorImpl.invoke0(Native Method)
		at sun.reflect.NativeMethodAccessorImpl.invoke(NativeMethodAccessorImpl.java:62)
		at sun.reflect.DelegatingMethodAccessorImpl.invoke(DelegatingMethodAccessorImpl.java:43)
		at java.lang.reflect.Method.invoke(Method.java:498)
		at org.apache.catalina.startup.Bootstrap.load(Bootstrap.java:304)
		at org.apache.catalina.startup.Bootstrap.main(Bootstrap.java:474)
	Caused by: java.net.BindException: Address already in use: bind
		at sun.nio.ch.Net.bind0(Native Method)
		at sun.nio.ch.Net.bind(Net.java:433)
		at sun.nio.ch.Net.bind(Net.java:425)
		at sun.nio.ch.ServerSocketChannelImpl.bind(ServerSocketChannelImpl.java:223)
		at sun.nio.ch.ServerSocketAdaptor.bind(ServerSocketAdaptor.java:74)
		at org.apache.tomcat.util.net.NioEndpoint.initServerSocket(NioEndpoint.java:248)
		at org.apache.tomcat.util.net.NioEndpoint.bind(NioEndpoint.java:222)
		at org.apache.tomcat.util.net.AbstractEndpoint.bindWithCleanup(AbstractEndpoint.java:1119)
		at org.apache.tomcat.util.net.AbstractEndpoint.init(AbstractEndpoint.java:1132)
		at org.apache.coyote.AbstractProtocol.init(AbstractProtocol.java:557)
		at org.apache.catalina.connector.Connector.initInternal(Connector.java:980)
		... 13 more
18-May-2019 15:45:41.821 정보 [main] org.apache.catalina.startup.Catalina.load [630] 밀리초 내에 서버가 초기화되었습니다.
18-May-2019 15:45:41.844 정보 [main] org.apache.catalina.core.StandardService.startInternal 서비스 [Catalina]을(를) 시작합니다.
18-May-2019 15:45:41.846 정보 [main] org.apache.catalina.core.StandardEngine.startInternal 서버 엔진을 시작합니다: [Apache Tomcat/9.0.20]
18-May-2019 15:45:41.864 정보 [main] org.apache.catalina.startup.HostConfig.deployDirectory 웹 애플리케이션 디렉토리 [D:\apache-tomcat-9.0.20-windows-x64\apache-tomcat-9.0.20\webapps\docs]을(를) 배치합니다.
18-May-2019 15:45:42.067 정보 [main] org.apache.catalina.startup.HostConfig.deployDirectory 웹 애플리케이션 디렉토리 [D:\apache-tomcat-9.0.20-windows-x64\apache-tomcat-9.0.20\webapps\docs]에 대한 배치가 [202] 밀리초에 완료되었습니다.
18-May-2019 15:45:42.072 정보 [main] org.apache.catalina.startup.HostConfig.deployDirectory 웹 애플리케이션 디렉토리 [D:\apache-tomcat-9.0.20-windows-x64\apache-tomcat-9.0.20\webapps\examples]을(를) 배치합니다.
18-May-2019 15:45:42.348 정보 [main] org.apache.catalina.startup.HostConfig.deployDirectory 웹 애플리케이션 디렉토리 [D:\apache-tomcat-9.0.20-windows-x64\apache-tomcat-9.0.20\webapps\examples]에 대한 배치가 [276] 밀리초에 완료되었습니다.
18-May-2019 15:45:42.350 정보 [main] org.apache.catalina.startup.HostConfig.deployDirectory 웹 애플리케이션 디렉토리 [D:\apache-tomcat-9.0.20-windows-x64\apache-tomcat-9.0.20\webapps\host-manager]을(를) 배치합니다.
18-May-2019 15:45:42.378 정보 [main] org.apache.catalina.startup.HostConfig.deployDirectory 웹 애플리케이션 디렉토리 [D:\apache-tomcat-9.0.20-windows-x64\apache-tomcat-9.0.20\webapps\host-manager]에 대한 배치가 [28] 밀리초에 완료되었습니다.
18-May-2019 15:45:42.381 정보 [main] org.apache.catalina.startup.HostConfig.deployDirectory 웹 애플리케이션 디렉토리 [D:\apache-tomcat-9.0.20-windows-x64\apache-tomcat-9.0.20\webapps\manager]을(를) 배치합니다.
18-May-2019 15:45:42.405 정보 [main] org.apache.catalina.startup.HostConfig.deployDirectory 웹 애플리케이션 디렉토리 [D:\apache-tomcat-9.0.20-windows-x64\apache-tomcat-9.0.20\webapps\manager]에 대한 배치가 [23] 밀리초에 완료되었습니다.
18-May-2019 15:45:42.408 정보 [main] org.apache.catalina.startup.HostConfig.deployDirectory 웹 애플리케이션 디렉토리 [D:\apache-tomcat-9.0.20-windows-x64\apache-tomcat-9.0.20\webapps\ROOT]을(를) 배치합니다.
18-May-2019 15:45:42.428 정보 [main] org.apache.catalina.startup.HostConfig.deployDirectory 웹 애플리케이션 디렉토리 [D:\apache-tomcat-9.0.20-windows-x64\apache-tomcat-9.0.20\webapps\ROOT]에 대한 배치가 [19] 밀리초에 완료되었습니다.
18-May-2019 15:45:42.436 정보 [main] org.apache.catalina.startup.Catalina.start 서버가 [614] 밀리초 내에 시작되었습니다.
18-May-2019 15:45:42.440 심각 [main] org.apache.catalina.core.StandardServer.await 주소 [localhost]와(과) 포트 [8005]에, 서버 셧다운 소켓을 생성하지 못했습니다. (base 포트 [8005], offset [0])
	java.net.BindException: Address already in use: JVM_Bind
		at java.net.DualStackPlainSocketImpl.bind0(Native Method)
		at java.net.DualStackPlainSocketImpl.socketBind(DualStackPlainSocketImpl.java:106)
		at java.net.AbstractPlainSocketImpl.bind(AbstractPlainSocketImpl.java:387)
		at java.net.PlainSocketImpl.bind(PlainSocketImpl.java:190)
		at java.net.ServerSocket.bind(ServerSocket.java:375)
		at java.net.ServerSocket.<init>(ServerSocket.java:237)
		at org.apache.catalina.core.StandardServer.await(StandardServer.java:584)
		at org.apache.catalina.startup.Catalina.await(Catalina.java:721)
		at org.apache.catalina.startup.Catalina.start(Catalina.java:667)
		at sun.reflect.NativeMethodAccessorImpl.invoke0(Native Method)
		at sun.reflect.NativeMethodAccessorImpl.invoke(NativeMethodAccessorImpl.java:62)
		at sun.reflect.DelegatingMethodAccessorImpl.invoke(DelegatingMethodAccessorImpl.java:43)
		at java.lang.reflect.Method.invoke(Method.java:498)
		at org.apache.catalina.startup.Bootstrap.start(Bootstrap.java:344)
		at org.apache.catalina.startup.Bootstrap.main(Bootstrap.java:475)
18-May-2019 15:45:42.442 정보 [main] org.apache.coyote.AbstractProtocol.pause 프로토콜 핸들러 ["http-nio-8080"]을(를) 일시 정지 중
18-May-2019 15:45:42.444 정보 [main] org.apache.coyote.AbstractProtocol.pause 프로토콜 핸들러 ["ajp-nio-8009"]을(를) 일시 정지 중
18-May-2019 15:45:42.447 정보 [main] org.apache.catalina.core.StandardService.stopInternal 서비스 [Catalina]을(를) 중지시킵니다.
18-May-2019 15:45:42.465 정보 [main] org.apache.coyote.AbstractProtocol.stop 프로토콜 핸들러 ["http-nio-8080"]을(를) 중지시킵니다.
18-May-2019 15:45:42.468 정보 [main] org.apache.coyote.AbstractProtocol.destroy 프로토콜 핸들러 ["http-nio-8080"]을(를) 소멸시킵니다.
18-May-2019 15:45:42.469 정보 [main] org.apache.coyote.AbstractProtocol.stop 프로토콜 핸들러 ["ajp-nio-8009"]을(를) 중지시킵니다.
18-May-2019 15:45:42.470 정보 [main] org.apache.coyote.AbstractProtocol.destroy 프로토콜 핸들러 ["ajp-nio-8009"]을(를) 소멸시킵니다.
18-May-2019 15:46:30.005 정보 [main] org.apache.catalina.startup.VersionLoggerListener.log 서버 버전 이름:        Apache Tomcat/9.0.20
18-May-2019 15:46:30.009 정보 [main] org.apache.catalina.startup.VersionLoggerListener.log Server 빌드 시각:          May 3 2019 22:26:00 UTC
18-May-2019 15:46:30.009 정보 [main] org.apache.catalina.startup.VersionLoggerListener.log Server 버전 번호:         9.0.20.0
18-May-2019 15:46:30.009 정보 [main] org.apache.catalina.startup.VersionLoggerListener.log 운영체제 이름:               Windows 10
18-May-2019 15:46:30.010 정보 [main] org.apache.catalina.startup.VersionLoggerListener.log 운영체제 버전:            10.0
18-May-2019 15:46:30.010 정보 [main] org.apache.catalina.startup.VersionLoggerListener.log 아키텍처:          amd64
18-May-2019 15:46:30.010 정보 [main] org.apache.catalina.startup.VersionLoggerListener.log 자바 홈:             C:\Program Files\Java\jdk1.8.0_181\jre
18-May-2019 15:46:30.011 정보 [main] org.apache.catalina.startup.VersionLoggerListener.log JVM 버전:           1.8.0_181-b13
18-May-2019 15:46:30.011 정보 [main] org.apache.catalina.startup.VersionLoggerListener.log JVM 벤더:            Oracle Corporation
18-May-2019 15:46:30.011 정보 [main] org.apache.catalina.startup.VersionLoggerListener.log CATALINA_BASE:         D:\apache-tomcat-9.0.20-windows-x64\apache-tomcat-9.0.20
18-May-2019 15:46:30.012 정보 [main] org.apache.catalina.startup.VersionLoggerListener.log CATALINA_HOME:         D:\apache-tomcat-9.0.20-windows-x64\apache-tomcat-9.0.20
18-May-2019 15:46:30.013 정보 [main] org.apache.catalina.startup.VersionLoggerListener.log 명령 행 아규먼트: -Djava.util.logging.config.file=D:\apache-tomcat-9.0.20-windows-x64\apache-tomcat-9.0.20\conf\logging.properties
18-May-2019 15:46:30.014 정보 [main] org.apache.catalina.startup.VersionLoggerListener.log 명령 행 아규먼트: -Djava.util.logging.manager=org.apache.juli.ClassLoaderLogManager
18-May-2019 15:46:30.015 정보 [main] org.apache.catalina.startup.VersionLoggerListener.log 명령 행 아규먼트: -Djdk.tls.ephemeralDHKeySize=2048
18-May-2019 15:46:30.019 정보 [main] org.apache.catalina.startup.VersionLoggerListener.log 명령 행 아규먼트: -Djava.protocol.handler.pkgs=org.apache.catalina.webresources
18-May-2019 15:46:30.022 정보 [main] org.apache.catalina.startup.VersionLoggerListener.log 명령 행 아규먼트: -Dignore.endorsed.dirs=
18-May-2019 15:46:30.022 정보 [main] org.apache.catalina.startup.VersionLoggerListener.log 명령 행 아규먼트: -Dcatalina.base=D:\apache-tomcat-9.0.20-windows-x64\apache-tomcat-9.0.20
18-May-2019 15:46:30.023 정보 [main] org.apache.catalina.startup.VersionLoggerListener.log 명령 행 아규먼트: -Dcatalina.home=D:\apache-tomcat-9.0.20-windows-x64\apache-tomcat-9.0.20
18-May-2019 15:46:30.025 정보 [main] org.apache.catalina.startup.VersionLoggerListener.log 명령 행 아규먼트: -Djava.io.tmpdir=D:\apache-tomcat-9.0.20-windows-x64\apache-tomcat-9.0.20\temp
18-May-2019 15:46:30.025 정보 [main] org.apache.catalina.core.AprLifecycleListener.lifecycleEvent APR 버전 [1.6.5]을(를) 사용한, APR 기반 Apache Tomcat Native 라이브러리 [1.2.21]을(를) 로드했습니다.
18-May-2019 15:46:30.027 정보 [main] org.apache.catalina.core.AprLifecycleListener.lifecycleEvent APR 용량정보들: IPv6 [true], sendfile [true], accept filters [false], random [true].
18-May-2019 15:46:30.027 정보 [main] org.apache.catalina.core.AprLifecycleListener.lifecycleEvent APR/OpenSSL 설정: useAprConnector [false], useOpenSSL [true]
18-May-2019 15:46:30.033 정보 [main] org.apache.catalina.core.AprLifecycleListener.initializeSSL OpenSSL이 성공적으로 초기화되었습니다: [OpenSSL 1.1.1a  20 Nov 2018]
18-May-2019 15:46:30.297 정보 [main] org.apache.coyote.AbstractProtocol.init 프로토콜 핸들러 ["http-nio-8080"]을(를) 초기화합니다.
18-May-2019 15:46:30.440 심각 [main] org.apache.catalina.util.LifecycleBase.handleSubClassException 구성요소 [Connector[HTTP/1.1-8080]]을(를) 초기화하지 못했습니다.
	org.apache.catalina.LifecycleException: 프로토콜 핸들러 초기화가 실패했습니다.
		at org.apache.catalina.connector.Connector.initInternal(Connector.java:983)
		at org.apache.catalina.util.LifecycleBase.init(LifecycleBase.java:136)
		at org.apache.catalina.core.StandardService.initInternal(StandardService.java:533)
		at org.apache.catalina.util.LifecycleBase.init(LifecycleBase.java:136)
		at org.apache.catalina.core.StandardServer.initInternal(StandardServer.java:1059)
		at org.apache.catalina.util.LifecycleBase.init(LifecycleBase.java:136)
		at org.apache.catalina.startup.Catalina.load(Catalina.java:584)
		at org.apache.catalina.startup.Catalina.load(Catalina.java:607)
		at sun.reflect.NativeMethodAccessorImpl.invoke0(Native Method)
		at sun.reflect.NativeMethodAccessorImpl.invoke(NativeMethodAccessorImpl.java:62)
		at sun.reflect.DelegatingMethodAccessorImpl.invoke(DelegatingMethodAccessorImpl.java:43)
		at java.lang.reflect.Method.invoke(Method.java:498)
		at org.apache.catalina.startup.Bootstrap.load(Bootstrap.java:304)
		at org.apache.catalina.startup.Bootstrap.main(Bootstrap.java:474)
	Caused by: java.net.BindException: Address already in use: bind
		at sun.nio.ch.Net.bind0(Native Method)
		at sun.nio.ch.Net.bind(Net.java:433)
		at sun.nio.ch.Net.bind(Net.java:425)
		at sun.nio.ch.ServerSocketChannelImpl.bind(ServerSocketChannelImpl.java:223)
		at sun.nio.ch.ServerSocketAdaptor.bind(ServerSocketAdaptor.java:74)
		at org.apache.tomcat.util.net.NioEndpoint.initServerSocket(NioEndpoint.java:248)
		at org.apache.tomcat.util.net.NioEndpoint.bind(NioEndpoint.java:222)
		at org.apache.tomcat.util.net.AbstractEndpoint.bindWithCleanup(AbstractEndpoint.java:1119)
		at org.apache.tomcat.util.net.AbstractEndpoint.init(AbstractEndpoint.java:1132)
		at org.apache.coyote.AbstractProtocol.init(AbstractProtocol.java:557)
		at org.apache.coyote.http11.AbstractHttp11Protocol.init(AbstractHttp11Protocol.java:74)
		at org.apache.catalina.connector.Connector.initInternal(Connector.java:980)
		... 13 more
18-May-2019 15:46:30.445 정보 [main] org.apache.coyote.AbstractProtocol.init 프로토콜 핸들러 ["ajp-nio-8009"]을(를) 초기화합니다.
18-May-2019 15:46:30.448 심각 [main] org.apache.catalina.util.LifecycleBase.handleSubClassException 구성요소 [Connector[AJP/1.3-8009]]을(를) 초기화하지 못했습니다.
	org.apache.catalina.LifecycleException: 프로토콜 핸들러 초기화가 실패했습니다.
		at org.apache.catalina.connector.Connector.initInternal(Connector.java:983)
		at org.apache.catalina.util.LifecycleBase.init(LifecycleBase.java:136)
		at org.apache.catalina.core.StandardService.initInternal(StandardService.java:533)
		at org.apache.catalina.util.LifecycleBase.init(LifecycleBase.java:136)
		at org.apache.catalina.core.StandardServer.initInternal(StandardServer.java:1059)
		at org.apache.catalina.util.LifecycleBase.init(LifecycleBase.java:136)
		at org.apache.catalina.startup.Catalina.load(Catalina.java:584)
		at org.apache.catalina.startup.Catalina.load(Catalina.java:607)
		at sun.reflect.NativeMethodAccessorImpl.invoke0(Native Method)
		at sun.reflect.NativeMethodAccessorImpl.invoke(NativeMethodAccessorImpl.java:62)
		at sun.reflect.DelegatingMethodAccessorImpl.invoke(DelegatingMethodAccessorImpl.java:43)
		at java.lang.reflect.Method.invoke(Method.java:498)
		at org.apache.catalina.startup.Bootstrap.load(Bootstrap.java:304)
		at org.apache.catalina.startup.Bootstrap.main(Bootstrap.java:474)
	Caused by: java.net.BindException: Address already in use: bind
		at sun.nio.ch.Net.bind0(Native Method)
		at sun.nio.ch.Net.bind(Net.java:433)
		at sun.nio.ch.Net.bind(Net.java:425)
		at sun.nio.ch.ServerSocketChannelImpl.bind(ServerSocketChannelImpl.java:223)
		at sun.nio.ch.ServerSocketAdaptor.bind(ServerSocketAdaptor.java:74)
		at org.apache.tomcat.util.net.NioEndpoint.initServerSocket(NioEndpoint.java:248)
		at org.apache.tomcat.util.net.NioEndpoint.bind(NioEndpoint.java:222)
		at org.apache.tomcat.util.net.AbstractEndpoint.bindWithCleanup(AbstractEndpoint.java:1119)
		at org.apache.tomcat.util.net.AbstractEndpoint.init(AbstractEndpoint.java:1132)
		at org.apache.coyote.AbstractProtocol.init(AbstractProtocol.java:557)
		at org.apache.catalina.connector.Connector.initInternal(Connector.java:980)
		... 13 more
18-May-2019 15:46:30.451 정보 [main] org.apache.catalina.startup.Catalina.load [624] 밀리초 내에 서버가 초기화되었습니다.
18-May-2019 15:46:30.475 정보 [main] org.apache.catalina.core.StandardService.startInternal 서비스 [Catalina]을(를) 시작합니다.
18-May-2019 15:46:30.477 정보 [main] org.apache.catalina.core.StandardEngine.startInternal 서버 엔진을 시작합니다: [Apache Tomcat/9.0.20]
18-May-2019 15:46:30.493 정보 [main] org.apache.catalina.startup.HostConfig.deployDirectory 웹 애플리케이션 디렉토리 [D:\apache-tomcat-9.0.20-windows-x64\apache-tomcat-9.0.20\webapps\docs]을(를) 배치합니다.
18-May-2019 15:46:30.699 정보 [main] org.apache.catalina.startup.HostConfig.deployDirectory 웹 애플리케이션 디렉토리 [D:\apache-tomcat-9.0.20-windows-x64\apache-tomcat-9.0.20\webapps\docs]에 대한 배치가 [205] 밀리초에 완료되었습니다.
18-May-2019 15:46:30.702 정보 [main] org.apache.catalina.startup.HostConfig.deployDirectory 웹 애플리케이션 디렉토리 [D:\apache-tomcat-9.0.20-windows-x64\apache-tomcat-9.0.20\webapps\examples]을(를) 배치합니다.
18-May-2019 15:46:30.969 정보 [main] org.apache.catalina.startup.HostConfig.deployDirectory 웹 애플리케이션 디렉토리 [D:\apache-tomcat-9.0.20-windows-x64\apache-tomcat-9.0.20\webapps\examples]에 대한 배치가 [267] 밀리초에 완료되었습니다.
18-May-2019 15:46:30.972 정보 [main] org.apache.catalina.startup.HostConfig.deployDirectory 웹 애플리케이션 디렉토리 [D:\apache-tomcat-9.0.20-windows-x64\apache-tomcat-9.0.20\webapps\host-manager]을(를) 배치합니다.
18-May-2019 15:46:31.003 정보 [main] org.apache.catalina.startup.HostConfig.deployDirectory 웹 애플리케이션 디렉토리 [D:\apache-tomcat-9.0.20-windows-x64\apache-tomcat-9.0.20\webapps\host-manager]에 대한 배치가 [31] 밀리초에 완료되었습니다.
18-May-2019 15:46:31.006 정보 [main] org.apache.catalina.startup.HostConfig.deployDirectory 웹 애플리케이션 디렉토리 [D:\apache-tomcat-9.0.20-windows-x64\apache-tomcat-9.0.20\webapps\manager]을(를) 배치합니다.
18-May-2019 15:46:31.031 정보 [main] org.apache.catalina.startup.HostConfig.deployDirectory 웹 애플리케이션 디렉토리 [D:\apache-tomcat-9.0.20-windows-x64\apache-tomcat-9.0.20\webapps\manager]에 대한 배치가 [25] 밀리초에 완료되었습니다.
18-May-2019 15:46:31.034 정보 [main] org.apache.catalina.startup.HostConfig.deployDirectory 웹 애플리케이션 디렉토리 [D:\apache-tomcat-9.0.20-windows-x64\apache-tomcat-9.0.20\webapps\ROOT]을(를) 배치합니다.
18-May-2019 15:46:31.055 정보 [main] org.apache.catalina.startup.HostConfig.deployDirectory 웹 애플리케이션 디렉토리 [D:\apache-tomcat-9.0.20-windows-x64\apache-tomcat-9.0.20\webapps\ROOT]에 대한 배치가 [21] 밀리초에 완료되었습니다.
18-May-2019 15:46:31.063 정보 [main] org.apache.catalina.startup.Catalina.start 서버가 [611] 밀리초 내에 시작되었습니다.
18-May-2019 15:46:31.067 심각 [main] org.apache.catalina.core.StandardServer.await 주소 [localhost]와(과) 포트 [8005]에, 서버 셧다운 소켓을 생성하지 못했습니다. (base 포트 [8005], offset [0])
	java.net.BindException: Address already in use: JVM_Bind
		at java.net.DualStackPlainSocketImpl.bind0(Native Method)
		at java.net.DualStackPlainSocketImpl.socketBind(DualStackPlainSocketImpl.java:106)
		at java.net.AbstractPlainSocketImpl.bind(AbstractPlainSocketImpl.java:387)
		at java.net.PlainSocketImpl.bind(PlainSocketImpl.java:190)
		at java.net.ServerSocket.bind(ServerSocket.java:375)
		at java.net.ServerSocket.<init>(ServerSocket.java:237)
		at org.apache.catalina.core.StandardServer.await(StandardServer.java:584)
		at org.apache.catalina.startup.Catalina.await(Catalina.java:721)
		at org.apache.catalina.startup.Catalina.start(Catalina.java:667)
		at sun.reflect.NativeMethodAccessorImpl.invoke0(Native Method)
		at sun.reflect.NativeMethodAccessorImpl.invoke(NativeMethodAccessorImpl.java:62)
		at sun.reflect.DelegatingMethodAccessorImpl.invoke(DelegatingMethodAccessorImpl.java:43)
		at java.lang.reflect.Method.invoke(Method.java:498)
		at org.apache.catalina.startup.Bootstrap.start(Bootstrap.java:344)
		at org.apache.catalina.startup.Bootstrap.main(Bootstrap.java:475)
18-May-2019 15:46:31.070 정보 [main] org.apache.coyote.AbstractProtocol.pause 프로토콜 핸들러 ["http-nio-8080"]을(를) 일시 정지 중
18-May-2019 15:46:31.071 정보 [main] org.apache.coyote.AbstractProtocol.pause 프로토콜 핸들러 ["ajp-nio-8009"]을(를) 일시 정지 중
18-May-2019 15:46:31.073 정보 [main] org.apache.catalina.core.StandardService.stopInternal 서비스 [Catalina]을(를) 중지시킵니다.
18-May-2019 15:46:31.094 정보 [main] org.apache.coyote.AbstractProtocol.stop 프로토콜 핸들러 ["http-nio-8080"]을(를) 중지시킵니다.
18-May-2019 15:46:31.096 정보 [main] org.apache.coyote.AbstractProtocol.destroy 프로토콜 핸들러 ["http-nio-8080"]을(를) 소멸시킵니다.
18-May-2019 15:46:31.098 정보 [main] org.apache.coyote.AbstractProtocol.stop 프로토콜 핸들러 ["ajp-nio-8009"]을(를) 중지시킵니다.
18-May-2019 15:46:31.099 정보 [main] org.apache.coyote.AbstractProtocol.destroy 프로토콜 핸들러 ["ajp-nio-8009"]을(를) 소멸시킵니다.
