20-May-2019 08:34:15.610 정보 [main] org.apache.catalina.core.ApplicationContext.log ContextListener: contextInitialized()
20-May-2019 08:34:15.610 정보 [main] org.apache.catalina.core.ApplicationContext.log SessionListener: contextInitialized()
20-May-2019 08:34:15.612 정보 [main] org.apache.catalina.core.ApplicationContext.log ContextListener: attributeAdded('StockTicker', 'async.Stockticker@186f8716')
20-May-2019 08:34:15.756 정보 [main] org.apache.catalina.core.ApplicationContext.log SessionListener: contextDestroyed()
20-May-2019 08:34:15.756 정보 [main] org.apache.catalina.core.ApplicationContext.log ContextListener: contextDestroyed()
20-May-2019 08:35:15.387 정보 [main] org.apache.catalina.core.ApplicationContext.log ContextListener: contextInitialized()
20-May-2019 08:35:15.387 정보 [main] org.apache.catalina.core.ApplicationContext.log SessionListener: contextInitialized()
20-May-2019 08:35:15.390 정보 [main] org.apache.catalina.core.ApplicationContext.log ContextListener: attributeAdded('StockTicker', 'async.Stockticker@1d8bd0de')
20-May-2019 08:35:15.510 정보 [main] org.apache.catalina.core.ApplicationContext.log SessionListener: contextDestroyed()
20-May-2019 08:35:15.510 정보 [main] org.apache.catalina.core.ApplicationContext.log ContextListener: contextDestroyed()
20-May-2019 08:39:20.097 정보 [main] org.apache.catalina.core.ApplicationContext.log ContextListener: contextInitialized()
20-May-2019 08:39:20.097 정보 [main] org.apache.catalina.core.ApplicationContext.log SessionListener: contextInitialized()
20-May-2019 08:39:20.099 정보 [main] org.apache.catalina.core.ApplicationContext.log ContextListener: attributeAdded('StockTicker', 'async.Stockticker@45ca843')
20-May-2019 08:39:20.224 정보 [main] org.apache.catalina.core.ApplicationContext.log SessionListener: contextDestroyed()
20-May-2019 08:39:20.224 정보 [main] org.apache.catalina.core.ApplicationContext.log ContextListener: contextDestroyed()
20-May-2019 08:39:33.302 정보 [main] org.apache.catalina.core.ApplicationContext.log ContextListener: contextInitialized()
20-May-2019 08:39:33.302 정보 [main] org.apache.catalina.core.ApplicationContext.log SessionListener: contextInitialized()
20-May-2019 08:39:33.304 정보 [main] org.apache.catalina.core.ApplicationContext.log ContextListener: attributeAdded('StockTicker', 'async.Stockticker@1d8bd0de')
20-May-2019 08:39:33.447 정보 [main] org.apache.catalina.core.ApplicationContext.log SessionListener: contextDestroyed()
20-May-2019 08:39:33.447 정보 [main] org.apache.catalina.core.ApplicationContext.log ContextListener: contextDestroyed()
20-May-2019 08:52:02.733 정보 [main] org.apache.catalina.core.ApplicationContext.log ContextListener: contextInitialized()
20-May-2019 08:52:02.733 정보 [main] org.apache.catalina.core.ApplicationContext.log SessionListener: contextInitialized()
20-May-2019 08:52:02.734 정보 [main] org.apache.catalina.core.ApplicationContext.log ContextListener: attributeAdded('StockTicker', 'async.Stockticker@45ca843')
20-May-2019 08:52:02.870 정보 [main] org.apache.catalina.core.ApplicationContext.log SessionListener: contextDestroyed()
20-May-2019 08:52:02.870 정보 [main] org.apache.catalina.core.ApplicationContext.log ContextListener: contextDestroyed()
